<?xml version="1.0" encoding="UTF-8"?>
<!-- Generated by org.testng.reporters.JUnitReportReporter -->
<testsuite skipped="0" hostname="DESKTOP-BR5BN6I" name="com.cybertek.tests.day11_alerts_iframe_windows.MultipleWindows_Example_Test" tests="2" failures="0" timestamp="2021-12-18T23:29:01 EST" time="8.734" errors="0">
  <testcase name="demoQAMultipleWindows" time="6.343" classname="com.cybertek.tests.day11_alerts_iframe_windows.MultipleWindows_Example_Test"/>
  <system-out/>
  <testcase name="windowsTest" time="2.391" classname="com.cybertek.tests.day11_alerts_iframe_windows.MultipleWindows_Example_Test"/>
  <system-out/>
</testsuite> <!-- com.cybertek.tests.day11_alerts_iframe_windows.MultipleWindows_Example_Test -->
