<?xml version="1.0" encoding="UTF-8"?>
<!-- Generated by org.testng.reporters.JUnitReportReporter -->
<testsuite skipped="0" hostname="DESKTOP-BR5BN6I" name="com.cybertek.tests.day14_webtables_properties.SmartBearTest" tests="1" failures="0" timestamp="2021-12-18T23:29:01 EST" time="3.067" errors="0">
  <testcase name="verifyLinksAfterLogin" time="3.067" classname="com.cybertek.tests.day14_webtables_properties.SmartBearTest"/>
  <system-out/>
</testsuite> <!-- com.cybertek.tests.day14_webtables_properties.SmartBearTest -->
