<?xml version="1.0" encoding="UTF-8"?>
<!-- Generated by org.testng.reporters.JUnitReportReporter -->
<testsuite skipped="0" hostname="DESKTOP-BR5BN6I" name="com.cybertek.tests.day12_Window_Practice.DemoQAMultipleWindowsTest" tests="1" failures="0" timestamp="2021-12-18T23:29:01 EST" time="5.535" errors="0">
  <testcase name="newWindowTest" time="5.535" classname="com.cybertek.tests.day12_Window_Practice.DemoQAMultipleWindowsTest"/>
  <system-out/>
</testsuite> <!-- com.cybertek.tests.day12_Window_Practice.DemoQAMultipleWindowsTest -->
