<?xml version="1.0" encoding="UTF-8"?>
<!-- Generated by org.testng.reporters.JUnitReportReporter -->
<testsuite skipped="0" hostname="DESKTOP-BR5BN6I" name="com.cybertek.tests.day14_webtables_properties.WebTableDemoTest" tests="4" failures="0" timestamp="2021-12-18T23:29:01 EST" time="10.575" errors="0">
  <testcase name="printAllTableDataTest" time="3.208" classname="com.cybertek.tests.day14_webtables_properties.WebTableDemoTest"/>
  <system-out/>
  <testcase name="readNextCell" time="2.295" classname="com.cybertek.tests.day14_webtables_properties.WebTableDemoTest"/>
  <system-out/>
  <testcase name="getAllColumnData" time="2.053" classname="com.cybertek.tests.day14_webtables_properties.WebTableDemoTest"/>
  <system-out/>
  <testcase name="readFromTableTest" time="3.019" classname="com.cybertek.tests.day14_webtables_properties.WebTableDemoTest"/>
  <system-out/>
</testsuite> <!-- com.cybertek.tests.day14_webtables_properties.WebTableDemoTest -->
