<?xml version="1.0" encoding="UTF-8"?>
<!-- Generated by org.testng.reporters.JUnitReportReporter -->
<testsuite skipped="0" hostname="DESKTOP-BR5BN6I" name="com.cybertek.tests.day15_properties_driverUtil_testbase.TechlisticWebtaleTest" tests="1" failures="0" timestamp="2021-12-18T23:29:01 EST" time="8.186" errors="0">
  <testcase name="tallBuildingsTableTest" time="8.186" classname="com.cybertek.tests.day15_properties_driverUtil_testbase.TechlisticWebtaleTest"/>
  <system-out/>
</testsuite> <!-- com.cybertek.tests.day15_properties_driverUtil_testbase.TechlisticWebtaleTest -->
