<?xml version="1.0" encoding="UTF-8"?>
<!-- Generated by org.testng.reporters.JUnitReportReporter -->
<testsuite skipped="0" hostname="DESKTOP-BR5BN6I" name="com.cybertek.tests.day10_dropdown_alert_iframes_windows.AmazonDepartmentNamesListTest" tests="1" failures="0" timestamp="2021-12-18T23:29:01 EST" time="34.701" errors="0">
  <testcase name="amazonDepartmentTest" time="34.701" classname="com.cybertek.tests.day10_dropdown_alert_iframes_windows.AmazonDepartmentNamesListTest"/>
  <system-out/>
</testsuite> <!-- com.cybertek.tests.day10_dropdown_alert_iframes_windows.AmazonDepartmentNamesListTest -->
