<?xml version="1.0" encoding="UTF-8"?>
<!-- Generated by org.testng.reporters.JUnitReportReporter -->
<testsuite skipped="0" hostname="DESKTOP-BR5BN6I" name="com.cybertek.tests.day15_properties_driverUtil_testbase.PropertiesFileTest" tests="2" failures="0" timestamp="2021-12-18T23:29:01 EST" time="0.000" errors="0">
  <testcase name="readValuesFromPropertiesFile" time="0.000" classname="com.cybertek.tests.day15_properties_driverUtil_testbase.PropertiesFileTest"/>
  <system-out/>
  <testcase name="configurationReaderUnitTest" time="0.000" classname="com.cybertek.tests.day15_properties_driverUtil_testbase.PropertiesFileTest"/>
  <system-out/>
</testsuite> <!-- com.cybertek.tests.day15_properties_driverUtil_testbase.PropertiesFileTest -->
