<?xml version="1.0" encoding="UTF-8"?>
<!-- Generated by org.testng.reporters.JUnitReportReporter -->
<testsuite skipped="0" hostname="DESKTOP-BR5BN6I" name="com.cybertek.tests.day09_testng_dropdown.TestNGIntro" tests="2" failures="0" timestamp="2021-12-18T23:29:01 EST" time="0.000" errors="0">
  <testcase name="test1" time="0.000" classname="com.cybertek.tests.day09_testng_dropdown.TestNGIntro"/>
  <system-out/>
  <testcase name="myTest2" time="0.000" classname="com.cybertek.tests.day09_testng_dropdown.TestNGIntro"/>
  <system-out/>
</testsuite> <!-- com.cybertek.tests.day09_testng_dropdown.TestNGIntro -->
