<?xml version="1.0" encoding="UTF-8"?>
<!-- Generated by org.testng.reporters.JUnitReportReporter -->
<testsuite skipped="0" hostname="DESKTOP-BR5BN6I" name="com.cybertek.tests.day10_dropdown_alert_iframes_windows.HandlingAlertsTest" tests="2" failures="0" timestamp="2021-12-18T23:29:01 EST" time="5.729" errors="0">
  <testcase name="confirmAlertTest" time="2.909" classname="com.cybertek.tests.day10_dropdown_alert_iframes_windows.HandlingAlertsTest"/>
  <system-out/>
  <testcase name="jsAlertsTest" time="2.820" classname="com.cybertek.tests.day10_dropdown_alert_iframes_windows.HandlingAlertsTest"/>
  <system-out/>
</testsuite> <!-- com.cybertek.tests.day10_dropdown_alert_iframes_windows.HandlingAlertsTest -->
