<?xml version="1.0" encoding="UTF-8"?>
<!-- Generated by org.testng.reporters.JUnitReportReporter -->
<testsuite skipped="0" hostname="DESKTOP-BR5BN6I" name="com.cybertek.tests.day09_testng_dropdown.DropDownTest" tests="5" failures="0" timestamp="2021-12-18T23:29:01 EST" time="15.195" errors="0">
  <testcase name="selectMonthDropDown" time="2.886" classname="com.cybertek.tests.day09_testng_dropdown.DropDownTest"/>
  <system-out/>
  <testcase name="titleTest" time="2.646" classname="com.cybertek.tests.day09_testng_dropdown.DropDownTest"/>
  <system-out/>
  <testcase name="selectDayDropDown" time="3.407" classname="com.cybertek.tests.day09_testng_dropdown.DropDownTest"/>
  <system-out/>
  <testcase name="simpleDropDownTest" time="2.649" classname="com.cybertek.tests.day09_testng_dropdown.DropDownTest"/>
  <system-out/>
  <testcase name="SelectDateOfBirth" time="3.607" classname="com.cybertek.tests.day09_testng_dropdown.DropDownTest"/>
  <system-out/>
</testsuite> <!-- com.cybertek.tests.day09_testng_dropdown.DropDownTest -->
