<?xml version="1.0" encoding="UTF-8"?>
<!-- Generated by org.testng.reporters.JUnitReportReporter -->
<testsuite skipped="0" hostname="DESKTOP-BR5BN6I" name="com.cybertek.tests.day13_faker_Practice.RegistrationFormNegativeTest" tests="1" failures="0" timestamp="2021-12-18T23:29:01 EST" time="5.081" errors="0">
  <testcase name="invalidFirstNameTest" time="5.081" classname="com.cybertek.tests.day13_faker_Practice.RegistrationFormNegativeTest"/>
  <system-out/>
</testsuite> <!-- com.cybertek.tests.day13_faker_Practice.RegistrationFormNegativeTest -->
